<?xml version="1.0" encoding="UTF-8" ?>
<testsuites name="vitest tests" tests="96" failures="0" errors="0" time="1.943252017">
    <testsuite name="src/app/app.spec.ts" timestamp="2026-09-08T22:05:40.096Z" hostname="aegis" tests="1" failures="0" errors="0" skipped="0" time="0.013674903">
        <testcase classname="src/app/app.spec.ts" name="App &gt; should create the app" time="0.013424688">
        </testcase>
    </testsuite>
    <testsuite name="src/app/guards/auth-guard.spec.ts" timestamp="2026-09-08T22:05:40.096Z" hostname="aegis" tests="4" failures="0" errors="0" skipped="0" time="0.007409144">
        <testcase classname="src/app/guards/auth-guard.spec.ts" name="authGuard &gt; should be created" time="0.000551519">
        </testcase>
        <testcase classname="src/app/guards/auth-guard.spec.ts" name="authGuard &gt; should deny navigation and redirect to login if no token or role exists" time="0.002758684">
        </testcase>
        <testcase classname="src/app/guards/auth-guard.spec.ts" name="authGuard &gt; should allow navigation if the user has the matching Patient role" time="0.002078942">
        </testcase>
        <testcase classname="src/app/guards/auth-guard.spec.ts" name="authGuard &gt; should deny navigation if the role or the token are invalid and redirect to login" time="0.00185169">
        </testcase>
    </testsuite>
    <testsuite name="src/app/guards/booking-guard-guard.spec.ts" timestamp="2026-09-08T22:05:40.097Z" hostname="aegis" tests="3" failures="0" errors="0" skipped="0" time="0.004965037">
        <testcase classname="src/app/guards/booking-guard-guard.spec.ts" name="bookingGuard &gt; should be created" time="0.000449124">
        </testcase>
        <testcase classname="src/app/guards/booking-guard-guard.spec.ts" name="bookingGuard &gt; should navigate if doctor is selected" time="0.00219367">
        </testcase>
        <testcase classname="src/app/guards/booking-guard-guard.spec.ts" name="bookingGuard &gt; should redirect if doctor is not selected" time="0.002181447">
        </testcase>
    </testsuite>
    <testsuite name="src/app/guards/guest-guard.spec.ts" timestamp="2026-09-08T22:05:40.098Z" hostname="aegis" tests="4" failures="0" errors="0" skipped="0" time="0.010036297">
        <testcase classname="src/app/guards/guest-guard.spec.ts" name="guestGuard &gt; should be created" time="0.000560134">
        </testcase>
        <testcase classname="src/app/guards/guest-guard.spec.ts" name="guestGuard &gt; should navigate to booking if user is logged in" time="0.003557082">
        </testcase>
        <testcase classname="src/app/guards/guest-guard.spec.ts" name="guestGuard &gt; should navigate to dashboard if doctor is logged in" time="0.002291435">
        </testcase>
        <testcase classname="src/app/guards/guest-guard.spec.ts" name="guestGuard &gt; should not navigate if the user is not logged in" time="0.003374865">
        </testcase>
    </testsuite>
    <testsuite name="src/app/interceptors/auth-interceptor.spec.ts" timestamp="2026-09-08T22:05:40.098Z" hostname="aegis" tests="2" failures="0" errors="0" skipped="0" time="0.007486791">
        <testcase classname="src/app/interceptors/auth-interceptor.spec.ts" name="authInterceptor &gt; should add the Authorization header if a token exists" time="0.004891218">
        </testcase>
        <testcase classname="src/app/interceptors/auth-interceptor.spec.ts" name="authInterceptor &gt; should forward the request" time="0.002481006">
        </testcase>
    </testsuite>
    <testsuite name="src/app/services/appointment.service.spec.ts" timestamp="2026-09-08T22:05:40.099Z" hostname="aegis" tests="3" failures="0" errors="0" skipped="0" time="0.008284627">
        <testcase classname="src/app/services/appointment.service.spec.ts" name="AppointmentService &gt; should be created" time="0.002867681">
        </testcase>
        <testcase classname="src/app/services/appointment.service.spec.ts" name="AppointmentService &gt; should get appointments for user" time="0.002084633">
        </testcase>
        <testcase classname="src/app/services/appointment.service.spec.ts" name="AppointmentService &gt; should create an appointment" time="0.003184424">
        </testcase>
    </testsuite>
    <testsuite name="src/app/services/auth.service.spec.ts" timestamp="2026-09-08T22:05:40.099Z" hostname="aegis" tests="7" failures="0" errors="0" skipped="0" time="0.02884618">
        <testcase classname="src/app/services/auth.service.spec.ts" name="AuthService &gt; should be created" time="0.003811044">
        </testcase>
        <testcase classname="src/app/services/auth.service.spec.ts" name="AuthService &gt; should register a user" time="0.005030081">
        </testcase>
        <testcase classname="src/app/services/auth.service.spec.ts" name="AuthService &gt; should register a doctor" time="0.003074294">
        </testcase>
        <testcase classname="src/app/services/auth.service.spec.ts" name="AuthService &gt; should get id of user" time="0.002370255">
        </testcase>
        <testcase classname="src/app/services/auth.service.spec.ts" name="AuthService &gt; should handle login request" time="0.006470359">
        </testcase>
        <testcase classname="src/app/services/auth.service.spec.ts" name="AuthService &gt; should handle password updated" time="0.003391196">
        </testcase>
        <testcase classname="src/app/services/auth.service.spec.ts" name="AuthService &gt; should handle logout" time="0.00428756">
        </testcase>
    </testsuite>
    <testsuite name="src/app/services/booking-state-service.spec.ts" timestamp="2026-09-08T22:05:40.100Z" hostname="aegis" tests="4" failures="0" errors="0" skipped="0" time="0.011813746">
        <testcase classname="src/app/services/booking-state-service.spec.ts" name="BookingStateService &gt; should be created" time="0.003879424">
        </testcase>
        <testcase classname="src/app/services/booking-state-service.spec.ts" name="BookingStateService &gt; should clear booking state" time="0.002433085">
        </testcase>
        <testcase classname="src/app/services/booking-state-service.spec.ts" name="BookingStateService &gt; should update doctor working hours" time="0.002766529">
        </testcase>
        <testcase classname="src/app/services/booking-state-service.spec.ts" name="BookingStateService &gt; should convert day to day of week" time="0.002552352">
        </testcase>
    </testsuite>
    <testsuite name="src/app/services/booking-wizard-service.spec.ts" timestamp="2026-09-08T22:05:40.101Z" hostname="aegis" tests="1" failures="0" errors="0" skipped="0" time="0.003919841">
        <testcase classname="src/app/services/booking-wizard-service.spec.ts" name="BookingWizardService &gt; should be created" time="0.003762532">
        </testcase>
    </testsuite>
    <testsuite name="src/app/services/mapbox.service.spec.ts" timestamp="2026-09-08T22:05:40.101Z" hostname="aegis" tests="3" failures="0" errors="0" skipped="0" time="0.013003477">
        <testcase classname="src/app/services/mapbox.service.spec.ts" name="MapboxService &gt; should be created" time="0.004222476">
        </testcase>
        <testcase classname="src/app/services/mapbox.service.spec.ts" name="MapboxService &gt; should query address" time="0.004171098">
        </testcase>
        <testcase classname="src/app/services/mapbox.service.spec.ts" name="MapboxService &gt; should query place and location" time="0.00432947">
        </testcase>
    </testsuite>
    <testsuite name="src/app/services/schedule.spec.ts" timestamp="2026-09-08T22:05:40.102Z" hostname="aegis" tests="4" failures="0" errors="0" skipped="0" time="0.013138654">
        <testcase classname="src/app/services/schedule.spec.ts" name="Schedule &gt; should be created" time="0.00360908">
        </testcase>
        <testcase classname="src/app/services/schedule.spec.ts" name="Schedule &gt; should get unavailability period" time="0.003261209">
        </testcase>
        <testcase classname="src/app/services/schedule.spec.ts" name="Schedule &gt; should create / update work hours" time="0.00329855">
        </testcase>
        <testcase classname="src/app/services/schedule.spec.ts" name="Schedule &gt; should create / update absence" time="0.002740099">
        </testcase>
    </testsuite>
    <testsuite name="src/app/services/search.service.spec.ts" timestamp="2026-09-08T22:05:40.102Z" hostname="aegis" tests="1" failures="0" errors="0" skipped="0" time="0.005800626">
        <testcase classname="src/app/services/search.service.spec.ts" name="SearchService &gt; should be created" time="0.005677101">
        </testcase>
    </testsuite>
    <testsuite name="src/app/services/user.service.spec.ts" timestamp="2026-09-08T22:05:40.102Z" hostname="aegis" tests="4" failures="0" errors="0" skipped="0" time="0.00969089">
        <testcase classname="src/app/services/user.service.spec.ts" name="UserService &gt; should be created" time="0.002394331">
        </testcase>
        <testcase classname="src/app/services/user.service.spec.ts" name="UserService &gt; should get users" time="0.00354087">
        </testcase>
        <testcase classname="src/app/services/user.service.spec.ts" name="UserService &gt; should get doctor by id" time="0.001859886">
        </testcase>
        <testcase classname="src/app/services/user.service.spec.ts" name="UserService &gt; should update doctor" time="0.001769383">
        </testcase>
    </testsuite>
    <testsuite name="src/app/components/booking-form/bookingform.spec.ts" timestamp="2026-09-08T22:05:40.103Z" hostname="aegis" tests="7" failures="0" errors="0" skipped="0" time="0.187820136">
        <testcase classname="src/app/components/booking-form/bookingform.spec.ts" name="Bookingform &gt; should create" time="0.08315975">
        </testcase>
        <testcase classname="src/app/components/booking-form/bookingform.spec.ts" name="Bookingform &gt; should switch between components" time="0.036455083">
        </testcase>
        <testcase classname="src/app/components/booking-form/bookingform.spec.ts" name="Bookingform &gt; should go back to the previous step" time="0.019340061">
        </testcase>
        <testcase classname="src/app/components/booking-form/bookingform.spec.ts" name="Bookingform &gt; should move to the next step" time="0.011977296">
        </testcase>
        <testcase classname="src/app/components/booking-form/bookingform.spec.ts" name="Bookingform &gt; should have the invisible class if isSelected is false" time="0.012870084">
        </testcase>
        <testcase classname="src/app/components/booking-form/bookingform.spec.ts" name="Bookingform &gt; should have the invisible class if index is 4" time="0.011382455">
        </testcase>
        <testcase classname="src/app/components/booking-form/bookingform.spec.ts" name="Bookingform &gt; should NOT have the invisible class if index is not 4 and isSelected true" time="0.010237078">
        </testcase>
    </testsuite>
    <testsuite name="src/app/components/dashboard/dashboard.spec.ts" timestamp="2026-09-08T22:05:40.104Z" hostname="aegis" tests="6" failures="0" errors="0" skipped="0" time="0.143509071">
        <testcase classname="src/app/components/dashboard/dashboard.spec.ts" name="DashboardComponent &gt; should create" time="0.065994853">
        </testcase>
        <testcase classname="src/app/components/dashboard/dashboard.spec.ts" name="DashboardComponent &gt; should handle conditional and multiply items for past booking" time="0.022542518">
        </testcase>
        <testcase classname="src/app/components/dashboard/dashboard.spec.ts" name="DashboardComponent &gt; should handle conditional and multiply items for current booking" time="0.019646584">
        </testcase>
        <testcase classname="src/app/components/dashboard/dashboard.spec.ts" name="DashboardComponent &gt; should successfully await and load appointments" time="0.017192949">
        </testcase>
        <testcase classname="src/app/components/dashboard/dashboard.spec.ts" name="DashboardComponent &gt; should have data in current booking" time="0.007299145">
        </testcase>
        <testcase classname="src/app/components/dashboard/dashboard.spec.ts" name="DashboardComponent &gt; should have data in past booking" time="0.008608393">
        </testcase>
    </testsuite>
    <testsuite name="src/app/components/home/home.spec.ts" timestamp="2026-09-08T22:05:40.105Z" hostname="aegis" tests="1" failures="0" errors="0" skipped="0" time="0.144492771">
        <testcase classname="src/app/components/home/home.spec.ts" name="HomeComponent &gt; should create" time="0.142823588">
        </testcase>
    </testsuite>
    <testsuite name="src/app/components/login/login.spec.ts" timestamp="2026-09-08T22:05:40.105Z" hostname="aegis" tests="6" failures="0" errors="0" skipped="0" time="0.187738943">
        <testcase classname="src/app/components/login/login.spec.ts" name="Login &gt; should create" time="0.074272366">
        </testcase>
        <testcase classname="src/app/components/login/login.spec.ts" name="Login &gt; should update the component model when text is entered" time="0.022581633">
        </testcase>
        <testcase classname="src/app/components/login/login.spec.ts" name="Login &gt; should display an error message if there is one" time="0.014713968">
        </testcase>
        <testcase classname="src/app/components/login/login.spec.ts" name="Login &gt; should submit the form when the button is clicked" time="0.021819514">
        </testcase>
        <testcase classname="src/app/components/login/login.spec.ts" name="Login &gt; should log in the user" time="0.026082958">
        </testcase>
        <testcase classname="src/app/components/login/login.spec.ts" name="Login &gt; should catch errors" time="0.026230949">
            <system-err>
HttpErrorResponse {
  headers: HttpHeaders {
    headers: Map(0) {},
    normalizedNames: Map(0) {},
    lazyInit: [90mundefined[39m,
    lazyUpdate: [1mnull[22m
  },
  status: [33m409[39m,
  statusText: [32m&apos;Conflict&apos;[39m,
  url: [32m&apos;https://localhost:7173/api/auth/login&apos;[39m,
  ok: [33mfalse[39m,
  type: [90mundefined[39m,
  redirected: [90mundefined[39m,
  responseType: [90mundefined[39m,
  name: [32m&apos;HttpErrorResponse&apos;[39m,
  message: [32m&apos;Http failure response for https://localhost:7173/api/auth/login: 409 Conflict&apos;[39m,
  error: ProgressEvent { isTrusted: [36m[Getter][39m }
}

            </system-err>
        </testcase>
    </testsuite>
    <testsuite name="src/app/components/navbar/navbar.spec.ts" timestamp="2026-09-08T22:05:40.106Z" hostname="aegis" tests="4" failures="0" errors="0" skipped="0" time="0.116617816">
        <testcase classname="src/app/components/navbar/navbar.spec.ts" name="Navbar &gt; should create" time="0.067646803">
        </testcase>
        <testcase classname="src/app/components/navbar/navbar.spec.ts" name="Navbar &gt; should logout and redirect to home" time="0.011551226">
        </testcase>
        <testcase classname="src/app/components/navbar/navbar.spec.ts" name="Navbar &gt; should display a nav variant if logged in" time="0.01811343">
        </testcase>
        <testcase classname="src/app/components/navbar/navbar.spec.ts" name="Navbar &gt; should click on the logout button if logged in" time="0.017226203">
        </testcase>
    </testsuite>
    <testsuite name="src/app/components/searchbar/searchbar.spec.ts" timestamp="2026-09-08T22:05:40.107Z" hostname="aegis" tests="12" failures="0" errors="0" skipped="0" time="0.363756315">
        <testcase classname="src/app/components/searchbar/searchbar.spec.ts" name="Searchbar &gt; should create" time="0.124848341">
        </testcase>
        <testcase classname="src/app/components/searchbar/searchbar.spec.ts" name="Searchbar &gt; should launch search when the form is submitted" time="0.032513191">
        </testcase>
        <testcase classname="src/app/components/searchbar/searchbar.spec.ts" name="Searchbar &gt; should set show specialties to true if focus or false if not" time="0.02222211">
        </testcase>
        <testcase classname="src/app/components/searchbar/searchbar.spec.ts" name="Searchbar &gt; should create a dropdown for specialties when input is focused" time="0.024477546">
        </testcase>
        <testcase classname="src/app/components/searchbar/searchbar.spec.ts" name="Searchbar &gt; should create a list of specialty buttons" time="0.019322148">
        </testcase>
        <testcase classname="src/app/components/searchbar/searchbar.spec.ts" name="Searchbar &gt; should select a specialty" time="0.017739449">
        </testcase>
        <testcase classname="src/app/components/searchbar/searchbar.spec.ts" name="Searchbar &gt; should write a location to the subject" time="0.011707474">
        </testcase>
        <testcase classname="src/app/components/searchbar/searchbar.spec.ts" name="Searchbar &gt; should call selectLocation with the correct location object when an option is selected" time="0.032256533">
        </testcase>
        <testcase classname="src/app/components/searchbar/searchbar.spec.ts" name="Searchbar &gt; should show the spinner if isLoading" time="0.021668848">
        </testcase>
        <testcase classname="src/app/components/searchbar/searchbar.spec.ts" name="Searchbar &gt; should display an error if isError" time="0.010350313">
        </testcase>
        <testcase classname="src/app/components/searchbar/searchbar.spec.ts" name="Searchbar &gt; should display a list of doctors if doctors() is not empty" time="0.011316289">
        </testcase>
        <testcase classname="src/app/components/searchbar/searchbar.spec.ts" name="Searchbar &gt; should click and call the book function" time="0.033574198">
        </testcase>
    </testsuite>
    <testsuite name="src/app/components/signup/signup.spec.ts" timestamp="2026-09-08T22:05:40.108Z" hostname="aegis" tests="9" failures="0" errors="0" skipped="0" time="0.315879872">
        <testcase classname="src/app/components/signup/signup.spec.ts" name="SignupComponent &gt; should create" time="0.07469011">
        </testcase>
        <testcase classname="src/app/components/signup/signup.spec.ts" name="SignupComponent &gt; should display email error message" time="0.033625736">
        </testcase>
        <testcase classname="src/app/components/signup/signup.spec.ts" name="SignupComponent &gt; should display password error messages" time="0.031343858">
        </testcase>
        <testcase classname="src/app/components/signup/signup.spec.ts" name="SignupComponent &gt; should update password rules indicator" time="0.027783561">
        </testcase>
        <testcase classname="src/app/components/signup/signup.spec.ts" name="SignupComponent &gt; should display firstName error message" time="0.02142792">
        </testcase>
        <testcase classname="src/app/components/signup/signup.spec.ts" name="SignupComponent &gt; should display lastName error message" time="0.027611083">
        </testcase>
        <testcase classname="src/app/components/signup/signup.spec.ts" name="SignupComponent &gt; should update submit button" time="0.025170674">
        </testcase>
        <testcase classname="src/app/components/signup/signup.spec.ts" name="SignupComponent &gt; should submit the form" time="0.040555838">
        </testcase>
        <testcase classname="src/app/components/signup/signup.spec.ts" name="SignupComponent &gt; should submit the form and catch an error" time="0.031540872">
            <system-err>
HttpErrorResponse {
  headers: HttpHeaders {
    headers: Map(0) {},
    normalizedNames: Map(0) {},
    lazyInit: [90mundefined[39m,
    lazyUpdate: [1mnull[22m
  },
  status: [33m409[39m,
  statusText: [32m&apos;Conflict&apos;[39m,
  url: [32m&apos;https://localhost:7173/api/auth/register&apos;[39m,
  ok: [33mfalse[39m,
  type: [90mundefined[39m,
  redirected: [90mundefined[39m,
  responseType: [90mundefined[39m,
  name: [32m&apos;HttpErrorResponse&apos;[39m,
  message: [32m&apos;Http failure response for https://localhost:7173/api/auth/register: 409 Conflict&apos;[39m,
  error: ProgressEvent { isTrusted: [36m[Getter][39m }
}

            </system-err>
        </testcase>
    </testsuite>
    <testsuite name="src/app/components/booking-form/booking-summary/booking-summary.spec.ts" timestamp="2026-09-08T22:05:40.109Z" hostname="aegis" tests="1" failures="0" errors="0" skipped="0" time="0.007570861">
        <testcase classname="src/app/components/booking-form/booking-summary/booking-summary.spec.ts" name="BookingSummary &gt; should create" time="0.007442917">
        </testcase>
    </testsuite>
    <testsuite name="src/app/components/booking-form/fornew/for-new.component.spec.ts" timestamp="2026-09-08T22:05:40.110Z" hostname="aegis" tests="1" failures="0" errors="0" skipped="0" time="0.006710505">
        <testcase classname="src/app/components/booking-form/fornew/for-new.component.spec.ts" name="ForNew &gt; should create" time="0.006589895">
        </testcase>
    </testsuite>
    <testsuite name="src/app/components/booking-form/forwhat/for-what.component.spec.ts" timestamp="2026-09-08T22:05:40.110Z" hostname="aegis" tests="1" failures="0" errors="0" skipped="0" time="0.006317939">
        <testcase classname="src/app/components/booking-form/forwhat/for-what.component.spec.ts" name="Forwhatform &gt; should create" time="0.006157995">
        </testcase>
    </testsuite>
    <testsuite name="src/app/components/booking-form/forwhen/for-when.component.spec.ts" timestamp="2026-09-08T22:05:40.110Z" hostname="aegis" tests="6" failures="0" errors="0" skipped="0" time="0.313870853">
        <testcase classname="src/app/components/booking-form/forwhen/for-when.component.spec.ts" name="Forwhenform &gt; should create" time="0.150506161">
        </testcase>
        <testcase classname="src/app/components/booking-form/forwhen/for-when.component.spec.ts" name="Forwhenform &gt; can create expansion panel" time="0.029089493">
        </testcase>
        <testcase classname="src/app/components/booking-form/forwhen/for-when.component.spec.ts" name="Forwhenform &gt; cannot create expansion panel" time="0.033101509">
        </testcase>
        <testcase classname="src/app/components/booking-form/forwhen/for-when.component.spec.ts" name="Forwhenform &gt; should create multiple expansion panel" time="0.02843585">
        </testcase>
        <testcase classname="src/app/components/booking-form/forwhen/for-when.component.spec.ts" name="Forwhenform &gt; should have two expansion panel and 8 times" time="0.030450129">
        </testcase>
        <testcase classname="src/app/components/booking-form/forwhen/for-when.component.spec.ts" name="Forwhenform &gt; should select an appointment time" time="0.040126953">
        </testcase>
    </testsuite>
    <testsuite name="src/app/components/booking-form/forwho/for-who.component.spec.ts" timestamp="2026-09-08T22:05:40.111Z" hostname="aegis" tests="1" failures="0" errors="0" skipped="0" time="0.010896722">
        <testcase classname="src/app/components/booking-form/forwho/for-who.component.spec.ts" name="Forwho &gt; should create" time="0.01071625">
        </testcase>
    </testsuite>
</testsuites>
